{
  "RSpec": {
    "coverage": {
      "/Users/jlin/Desktop/twitter/tweetComposer/spec/rails_helper.rb": [
        null,
        1,
        1,
        null,
        1,
        1,
        1,
        null,
        null,
        null,
        null,
        null,
        null,
        null,
        null,
        null,
        null,
        null,
        null,
        null,
        null,
        null,
        7,
        null,
        null,
        null,
        1,
        null,
        1,
        null,
        1,
        null,
        null,
        null,
        null,
        1,
        null,
        null,
        null,
        null,
        null,
        null,
        null,
        null,
        null,
        null,
        null,
        null,
        null,
        null,
        1,
        null
      ],
      "/Users/jlin/Desktop/twitter/tweetComposer/config/environment.rb": [
        null,
        1,
        null,
        null,
        1
      ],
      "/Users/jlin/Desktop/twitter/tweetComposer/config/application.rb": [
        1,
        null,
        1,
        null,
        null,
        null,
        1,
        null,
        1,
        1,
        null,
        1,
        1,
        null,
        null,
        null,
        null,
        null,
        null,
        1,
        null,
        null,
        null,
        null,
        null,
        null,
        null,
        null,
        null,
        null,
        null,
        null,
        null,
        null,
        null,
        1,
        null,
        null,
        null,
        null
      ],
      "/Users/jlin/Desktop/twitter/tweetComposer/config/boot.rb": [
        1,
        null,
        1
      ],
      "/Users/jlin/Desktop/twitter/tweetComposer/config/environments/test.rb": [
        1,
        null,
        null,
        null,
        null,
        null,
        null,
        1,
        null,
        null,
        null,
        null,
        1,
        null,
        null,
        1,
        1,
        null,
        null,
        1,
        1,
        null,
        null,
        1,
        null,
        null,
        1,
        null,
        null,
        null,
        null,
        1,
        null,
        null,
        1,
        null,
        null,
        1,
        null,
        null,
        null,
        null
      ],
      "/Users/jlin/Desktop/twitter/tweetComposer/config/initializers/assets.rb": [
        null,
        null,
        null,
        1,
        null,
        null,
        null,
        null,
        null,
        null,
        null
      ],
      "/Users/jlin/Desktop/twitter/tweetComposer/config/initializers/backtrace_silencers.rb": [
        null,
        null,
        null,
        null,
        null,
        null,
        null
      ],
      "/Users/jlin/Desktop/twitter/tweetComposer/config/initializers/cookies_serializer.rb": [
        null,
        null,
        1
      ],
      "/Users/jlin/Desktop/twitter/tweetComposer/config/initializers/devise.rb": [
        null,
        null,
        1,
        null,
        null,
        null,
        null,
        null,
        null,
        null,
        null,
        null,
        null,
        null,
        1,
        null,
        null,
        null,
        null,
        null,
        null,
        null,
        null,
        1,
        null,
        null,
        null,
        null,
        null,
        null,
        null,
        null,
        null,
        null,
        null,
        null,
        null,
        null,
        null,
        null,
        null,
        null,
        null,
        null,
        null,
        1,
        null,
        null,
        null,
        null,
        1,
        null,
        null,
        null,
        null,
        null,
        null,
        null,
        null,
        null,
        null,
        null,
        null,
        null,
        null,
        null,
        null,
        null,
        null,
        null,
        null,
        null,
        null,
        null,
        null,
        null,
        null,
        null,
        null,
        null,
        null,
        1,
        null,
        null,
        null,
        null,
        null,
        null,
        null,
        null,
        null,
        null,
        null,
        null,
        null,
        null,
        null,
        null,
        1,
        null,
        null,
        null,
        null,
        null,
        null,
        null,
        null,
        null,
        null,
        null,
        null,
        null,
        null,
        null,
        null,
        null,
        null,
        null,
        null,
        null,
        null,
        null,
        null,
        1,
        null,
        null,
        null,
        null,
        null,
        null,
        null,
        null,
        null,
        1,
        null,
        null,
        null,
        null,
        null,
        null,
        null,
        null,
        null,
        null,
        1,
        null,
        null,
        null,
        null,
        null,
        null,
        null,
        null,
        null,
        null,
        null,
        null,
        null,
        null,
        null,
        null,
        null,
        null,
        null,
        null,
        null,
        null,
        null,
        null,
        null,
        null,
        null,
        null,
        null,
        null,
        null,
        null,
        null,
        null,
        null,
        null,
        null,
        null,
        null,
        null,
        null,
        null,
        null,
        null,
        null,
        1,
        null,
        null,
        null,
        null,
        null,
        null,
        null,
        null,
        null,
        null,
        null,
        null,
        null,
        null,
        null,
        null,
        null,
        null,
        null,
        null,
        null,
        null,
        null,
        null,
        null,
        null,
        null,
        null,
        null,
        null,
        null,
        null,
        null,
        null,
        null,
        null,
        null,
        null,
        null,
        null,
        null,
        1,
        null,
        null,
        null,
        null,
        null,
        null,
        null,
        null,
        null,
        null,
        null,
        null,
        null,
        null,
        null,
        null,
        null,
        null,
        null,
        null,
        null,
        null,
        null,
        null,
        null,
        null,
        null,
        null,
        null
      ],
      "/Users/jlin/Desktop/twitter/tweetComposer/config/initializers/devise_permitted_parameters.rb": [
        1,
        1,
        null,
        1,
        1,
        null,
        null,
        1,
        null,
        1,
        31,
        31,
        null,
        null,
        null,
        null,
        1
      ],
      "/Users/jlin/Desktop/twitter/tweetComposer/app/controllers/application_controller.rb": [
        1,
        null,
        null,
        1,
        null,
        1,
        3,
        null,
        null,
        null
      ],
      "/Users/jlin/Desktop/twitter/tweetComposer/app/helpers/application_helper.rb": [
        1,
        null,
        null,
        null,
        null,
        null,
        null
      ],
      "/Users/jlin/Desktop/twitter/tweetComposer/app/helpers/followships_helper.rb": [
        1,
        null
      ],
      "/Users/jlin/Desktop/twitter/tweetComposer/app/helpers/posts_helper.rb": [
        1,
        null,
        null,
        null,
        null,
        null,
        null,
        null,
        null,
        null,
        null,
        null,
        null,
        null,
        null,
        null,
        null,
        null,
        null,
        null,
        null
      ],
      "/Users/jlin/Desktop/twitter/tweetComposer/app/helpers/users_helper.rb": [
        1,
        1,
        5,
        5,
        10,
        10,
        null,
        5,
        0,
        null,
        5,
        null,
        null,
        null
      ],
      "/Users/jlin/Desktop/twitter/tweetComposer/app/helpers/visitors_helper.rb": [
        1,
        null
      ],
      "/Users/jlin/Desktop/twitter/tweetComposer/config/initializers/filter_parameter_logging.rb": [
        null,
        null,
        null,
        1
      ],
      "/Users/jlin/Desktop/twitter/tweetComposer/config/initializers/inflections.rb": [
        null,
        null,
        null,
        null,
        null,
        null,
        null,
        null,
        null,
        null,
        null,
        null,
        null,
        null,
        null,
        null
      ],
      "/Users/jlin/Desktop/twitter/tweetComposer/config/initializers/mime_types.rb": [
        null,
        null,
        null,
        null
      ],
      "/Users/jlin/Desktop/twitter/tweetComposer/config/initializers/session_store.rb": [
        null,
        null,
        1
      ],
      "/Users/jlin/Desktop/twitter/tweetComposer/config/initializers/wrap_parameters.rb": [
        null,
        null,
        null,
        null,
        null,
        null,
        1,
        1,
        null,
        null,
        null,
        null,
        null,
        null
      ],
      "/Users/jlin/Desktop/twitter/tweetComposer/spec/factories/followships.rb": [
        1,
        1,
        1,
        1,
        null,
        null
      ],
      "/Users/jlin/Desktop/twitter/tweetComposer/spec/factories/posts.rb": [
        1,
        1,
        1,
        1,
        null,
        null
      ],
      "/Users/jlin/Desktop/twitter/tweetComposer/spec/factories/users.rb": [
        1,
        1,
        1,
        1,
        1,
        null,
        null
      ],
      "/Users/jlin/Desktop/twitter/tweetComposer/config/routes.rb": [
        1,
        1,
        null,
        1,
        null,
        1,
        null,
        1,
        1,
        1,
        null,
        1,
        1,
        1,
        1,
        null,
        null
      ],
      "/Users/jlin/Desktop/twitter/tweetComposer/app/models/user.rb": [
        1,
        null,
        null,
        1,
        null,
        null,
        1,
        null,
        1,
        1,
        null,
        1,
        1,
        null,
        1,
        0,
        0,
        0,
        null,
        null,
        null,
        null,
        null,
        null
      ],
      "/Users/jlin/Desktop/twitter/tweetComposer/spec/support/capybara.rb": [
        1
      ],
      "/Users/jlin/Desktop/twitter/tweetComposer/spec/support/database_cleaner.rb": [
        1,
        1,
        1,
        null,
        null,
        1,
        46,
        null,
        null,
        1,
        1,
        null,
        null,
        1,
        46,
        null,
        null,
        1,
        46,
        null,
        null
      ],
      "/Users/jlin/Desktop/twitter/tweetComposer/spec/support/devise.rb": [
        1,
        1,
        null
      ],
      "/Users/jlin/Desktop/twitter/tweetComposer/spec/support/factory_girl.rb": [
        1,
        1,
        null
      ],
      "/Users/jlin/Desktop/twitter/tweetComposer/spec/support/helpers/session_helpers.rb": [
        1,
        1,
        1,
        6,
        6,
        6,
        6,
        6,
        null,
        null,
        1,
        5,
        5,
        5,
        5,
        null,
        null,
        null
      ],
      "/Users/jlin/Desktop/twitter/tweetComposer/spec/support/helpers.rb": [
        1,
        1,
        1,
        null
      ],
      "/Users/jlin/Desktop/twitter/tweetComposer/spec/features/followships/follow_spec.rb": [
        null,
        null,
        null,
        null,
        null,
        null,
        null,
        null,
        null,
        null,
        null,
        null,
        null,
        null,
        null,
        null,
        null,
        null,
        null,
        null
      ],
      "/Users/jlin/Desktop/twitter/tweetComposer/spec/features/users/sign_in_spec.rb": [
        null,
        null,
        null,
        null,
        1,
        null,
        null,
        null,
        null,
        null,
        1,
        1,
        1,
        null,
        null,
        null,
        null,
        null,
        null,
        null,
        1,
        1,
        1,
        1,
        1,
        null,
        null,
        null,
        null,
        null,
        null,
        null,
        1,
        1,
        1,
        1,
        null,
        null,
        null,
        null,
        null,
        null,
        null,
        1,
        1,
        1,
        1,
        null,
        null,
        null
      ],
      "/Users/jlin/Desktop/twitter/tweetComposer/spec/features/users/sign_out_spec.rb": [
        null,
        null,
        null,
        null,
        1,
        null,
        null,
        null,
        null,
        null,
        1,
        1,
        1,
        1,
        1,
        1,
        null,
        null,
        null,
        null,
        null
      ],
      "/Users/jlin/Desktop/twitter/tweetComposer/spec/features/users/user_delete_spec.rb": [
        1,
        1,
        null,
        null,
        null,
        null,
        null,
        1,
        null,
        1,
        1,
        null,
        null,
        null,
        null,
        null,
        null,
        1,
        null,
        1,
        1,
        1,
        1,
        1,
        1,
        null,
        null,
        null,
        null,
        null,
        null,
        null
      ],
      "/Users/jlin/Desktop/twitter/tweetComposer/spec/features/users/user_edit_spec.rb": [
        1,
        1,
        null,
        null,
        null,
        null,
        null,
        1,
        null,
        1,
        2,
        null,
        null,
        null,
        null,
        null,
        null,
        1,
        1,
        1,
        1,
        1,
        1,
        1,
        1,
        1,
        null,
        null,
        null,
        null,
        null,
        null,
        1,
        1,
        1,
        1,
        1,
        1,
        1,
        null,
        null,
        null
      ],
      "/Users/jlin/Desktop/twitter/tweetComposer/spec/features/users/user_index_spec.rb": [
        1,
        1,
        null,
        null,
        null,
        null,
        null,
        1,
        null,
        1,
        1,
        null,
        null,
        null,
        null,
        null,
        null,
        1,
        1,
        1,
        1,
        1,
        null,
        null,
        null
      ],
      "/Users/jlin/Desktop/twitter/tweetComposer/spec/features/users/user_show_spec.rb": [
        1,
        1,
        null,
        null,
        null,
        null,
        null,
        1,
        null,
        1,
        2,
        null,
        null,
        null,
        null,
        null,
        null,
        1,
        1,
        1,
        1,
        1,
        1,
        null,
        null,
        null,
        null,
        null,
        null,
        1,
        1,
        1,
        1,
        1,
        1,
        1,
        null,
        null,
        null
      ],
      "/Users/jlin/Desktop/twitter/tweetComposer/spec/features/visitors/home_page_spec.rb": [
        null,
        null,
        null,
        null,
        1,
        null,
        null,
        null,
        null,
        null,
        1,
        1,
        1,
        null,
        null,
        null
      ],
      "/Users/jlin/Desktop/twitter/tweetComposer/spec/features/visitors/navigation_spec.rb": [
        null,
        null,
        null,
        null,
        1,
        null,
        null,
        null,
        null,
        null,
        1,
        1,
        1,
        1,
        1,
        null,
        null,
        null
      ],
      "/Users/jlin/Desktop/twitter/tweetComposer/spec/features/visitors/sign_up_spec.rb": [
        null,
        null,
        null,
        null,
        1,
        null,
        null,
        null,
        null,
        null,
        1,
        1,
        1,
        1,
        null,
        null,
        null,
        null,
        null,
        null,
        1,
        1,
        1,
        null,
        null,
        null,
        null,
        null,
        null,
        1,
        1,
        1,
        null,
        null,
        null,
        null,
        null,
        null,
        1,
        1,
        1,
        null,
        null,
        null,
        null,
        null,
        null,
        1,
        1,
        1,
        null,
        null,
        null,
        null,
        null,
        null,
        1,
        1,
        1,
        null,
        null,
        null
      ],
      "/Users/jlin/Desktop/twitter/tweetComposer/spec/models/followship_spec.rb": [
        null,
        null,
        null,
        null,
        null,
        null,
        1,
        null,
        1,
        9,
        9,
        9,
        null,
        null,
        3,
        null,
        1,
        1,
        null,
        null,
        1,
        1,
        null,
        null,
        1,
        1,
        null,
        null,
        2,
        null,
        1,
        1,
        null,
        null,
        1,
        1,
        null,
        null,
        2,
        null,
        1,
        1,
        null,
        null,
        1,
        1,
        null,
        null,
        null
      ],
      "/Users/jlin/Desktop/twitter/tweetComposer/app/models/followship.rb": [
        1,
        1,
        1,
        null,
        1,
        1,
        null,
        1,
        null
      ],
      "/Users/jlin/Desktop/twitter/tweetComposer/spec/models/post_spec.rb": [
        null,
        null,
        null,
        null,
        null,
        null,
        null,
        null,
        1,
        null,
        1,
        9,
        9,
        null,
        null,
        4,
        null,
        1,
        1,
        null,
        null,
        1,
        1,
        null,
        null,
        1,
        1,
        null,
        null,
        2,
        null,
        1,
        1,
        null,
        null,
        2,
        null,
        1,
        1,
        null,
        null,
        2,
        null,
        1,
        1,
        null,
        null,
        null
      ],
      "/Users/jlin/Desktop/twitter/tweetComposer/app/models/post.rb": [
        1,
        1,
        null,
        1,
        1,
        1,
        null,
        1,
        1,
        null,
        1,
        null,
        null,
        null,
        null,
        null,
        null,
        null,
        null
      ],
      "/Users/jlin/Desktop/twitter/tweetComposer/spec/models/user_spec.rb": [
        1,
        null,
        1,
        9,
        9,
        9,
        9,
        null,
        null,
        9,
        9,
        9,
        null,
        null,
        4,
        null,
        1,
        1,
        null,
        null,
        1,
        1,
        null,
        null,
        1,
        1,
        null,
        null,
        2,
        null,
        1,
        1,
        null,
        null,
        2,
        null,
        1,
        1,
        1,
        1,
        null,
        null,
        2,
        null,
        1,
        1,
        1,
        1,
        null,
        null,
        null
      ],
      "/Users/jlin/Desktop/twitter/tweetComposer/app/controllers/users_controller.rb": [
        1,
        1,
        null,
        1,
        1,
        null,
        null,
        1,
        5,
        5,
        5,
        null,
        null,
        null,
        null,
        null,
        null,
        null,
        1,
        0,
        0,
        0,
        0,
        0,
        null,
        null,
        null,
        null
      ],
      "/Users/jlin/Desktop/twitter/tweetComposer/app/controllers/visitors_controller.rb": [
        1,
        null,
        1,
        5,
        null,
        null,
        null
      ]
    },
    "timestamp": 1443807380
  },
  "(5/8)": {
    "coverage": {
      "/Users/jlin/Desktop/twitter/tweetComposer/spec/rails_helper.rb": [
        null,
        1,
        1,
        null,
        1,
        1,
        1,
        null,
        null,
        null,
        null,
        null,
        null,
        null,
        null,
        null,
        null,
        null,
        null,
        null,
        null,
        null,
        7,
        null,
        null,
        null,
        1,
        null,
        1,
        null,
        1,
        null,
        null,
        null,
        null,
        1,
        null,
        null,
        null,
        null,
        null,
        null,
        null,
        null,
        null,
        null,
        null,
        null,
        null,
        null,
        1,
        null
      ],
      "/Users/jlin/Desktop/twitter/tweetComposer/spec/support/capybara.rb": [
        1
      ],
      "/Users/jlin/Desktop/twitter/tweetComposer/spec/support/database_cleaner.rb": [
        1,
        1,
        1,
        null,
        null,
        1,
        3,
        null,
        null,
        1,
        0,
        null,
        null,
        1,
        3,
        null,
        null,
        1,
        3,
        null,
        null
      ],
      "/Users/jlin/Desktop/twitter/tweetComposer/spec/support/devise.rb": [
        1,
        1,
        null
      ],
      "/Users/jlin/Desktop/twitter/tweetComposer/spec/support/factory_girl.rb": [
        1,
        1,
        null
      ],
      "/Users/jlin/Desktop/twitter/tweetComposer/spec/support/helpers/session_helpers.rb": [
        1,
        1,
        1,
        0,
        0,
        0,
        0,
        0,
        null,
        null,
        1,
        0,
        0,
        0,
        0,
        null,
        null,
        null
      ],
      "/Users/jlin/Desktop/twitter/tweetComposer/spec/support/helpers.rb": [
        1,
        1,
        1,
        null
      ],
      "/Users/jlin/Desktop/twitter/tweetComposer/spec/features/users/user_edit_spec.rb": [
        1,
        1,
        null,
        null,
        null,
        null,
        null,
        1,
        null,
        1,
        2,
        null,
        null,
        null,
        null,
        null,
        null,
        1,
        1,
        1,
        1,
        1,
        1,
        1,
        1,
        1,
        null,
        null,
        null,
        null,
        null,
        null,
        1,
        1,
        1,
        1,
        1,
        1,
        1,
        null,
        null,
        null
      ],
      "/Users/jlin/Desktop/twitter/tweetComposer/spec/features/visitors/navigation_spec.rb": [
        null,
        null,
        null,
        null,
        1,
        null,
        null,
        null,
        null,
        null,
        1,
        1,
        1,
        1,
        1,
        null,
        null,
        null
      ],
      "/Users/jlin/Desktop/twitter/tweetComposer/app/controllers/visitors_controller.rb": [
        1,
        null,
        1,
        2,
        null,
        null,
        null
      ],
      "/Users/jlin/Desktop/twitter/tweetComposer/app/models/post.rb": [
        1,
        1,
        null,
        1,
        1,
        1,
        null,
        1,
        1,
        null,
        1,
        null,
        null,
        null,
        null,
        null,
        null,
        null,
        null
      ]
    },
    "timestamp": 1443807397
  },
  "(8/8)": {
    "coverage": {
      "/Users/jlin/Desktop/twitter/tweetComposer/spec/rails_helper.rb": [
        null,
        1,
        1,
        null,
        1,
        1,
        1,
        null,
        null,
        null,
        null,
        null,
        null,
        null,
        null,
        null,
        null,
        null,
        null,
        null,
        null,
        null,
        7,
        null,
        null,
        null,
        1,
        null,
        1,
        null,
        1,
        null,
        null,
        null,
        null,
        1,
        null,
        null,
        null,
        null,
        null,
        null,
        null,
        null,
        null,
        null,
        null,
        null,
        null,
        null,
        1,
        null
      ],
      "/Users/jlin/Desktop/twitter/tweetComposer/spec/support/capybara.rb": [
        1
      ],
      "/Users/jlin/Desktop/twitter/tweetComposer/spec/support/database_cleaner.rb": [
        1,
        1,
        1,
        null,
        null,
        1,
        3,
        null,
        null,
        1,
        1,
        null,
        null,
        1,
        3,
        null,
        null,
        1,
        3,
        null,
        null
      ],
      "/Users/jlin/Desktop/twitter/tweetComposer/spec/support/devise.rb": [
        1,
        1,
        null
      ],
      "/Users/jlin/Desktop/twitter/tweetComposer/spec/support/factory_girl.rb": [
        1,
        1,
        null
      ],
      "/Users/jlin/Desktop/twitter/tweetComposer/spec/support/helpers/session_helpers.rb": [
        1,
        1,
        1,
        0,
        0,
        0,
        0,
        0,
        null,
        null,
        1,
        0,
        0,
        0,
        0,
        null,
        null,
        null
      ],
      "/Users/jlin/Desktop/twitter/tweetComposer/spec/support/helpers.rb": [
        1,
        1,
        1,
        null
      ],
      "/Users/jlin/Desktop/twitter/tweetComposer/spec/features/users/user_delete_spec.rb": [
        1,
        1,
        null,
        null,
        null,
        null,
        null,
        1,
        null,
        1,
        1,
        null,
        null,
        null,
        null,
        null,
        null,
        1,
        null,
        1,
        1,
        1,
        1,
        1,
        1,
        null,
        null,
        null,
        null,
        null,
        null,
        null
      ],
      "/Users/jlin/Desktop/twitter/tweetComposer/spec/features/users/user_index_spec.rb": [
        1,
        1,
        null,
        null,
        null,
        null,
        null,
        1,
        null,
        1,
        1,
        null,
        null,
        null,
        null,
        null,
        null,
        1,
        1,
        1,
        1,
        1,
        null,
        null,
        null
      ],
      "/Users/jlin/Desktop/twitter/tweetComposer/spec/features/visitors/home_page_spec.rb": [
        null,
        null,
        null,
        null,
        1,
        null,
        null,
        null,
        null,
        null,
        1,
        1,
        1,
        null,
        null,
        null
      ],
      "/Users/jlin/Desktop/twitter/tweetComposer/app/models/post.rb": [
        1,
        1,
        null,
        1,
        1,
        1,
        null,
        1,
        1,
        null,
        1,
        null,
        null,
        null,
        null,
        null,
        null,
        null,
        null
      ],
      "/Users/jlin/Desktop/twitter/tweetComposer/app/models/followship.rb": [
        1,
        1,
        1,
        null,
        1,
        1,
        null,
        1,
        null
      ],
      "/Users/jlin/Desktop/twitter/tweetComposer/app/controllers/visitors_controller.rb": [
        1,
        null,
        1,
        2,
        null,
        null,
        null
      ],
      "/Users/jlin/Desktop/twitter/tweetComposer/app/controllers/users_controller.rb": [
        1,
        1,
        null,
        1,
        1,
        null,
        null,
        1,
        0,
        0,
        0,
        null,
        null,
        null,
        null,
        null,
        null,
        null,
        1,
        0,
        0,
        0,
        0,
        0,
        null,
        null,
        null,
        null
      ]
    },
    "timestamp": 1443807402
  },
  "(1/8)": {
    "coverage": {
      "/Users/jlin/Desktop/twitter/tweetComposer/spec/rails_helper.rb": [
        null,
        1,
        1,
        null,
        1,
        1,
        1,
        null,
        null,
        null,
        null,
        null,
        null,
        null,
        null,
        null,
        null,
        null,
        null,
        null,
        null,
        null,
        7,
        null,
        null,
        null,
        1,
        null,
        1,
        null,
        1,
        null,
        null,
        null,
        null,
        1,
        null,
        null,
        null,
        null,
        null,
        null,
        null,
        null,
        null,
        null,
        null,
        null,
        null,
        null,
        1,
        null
      ],
      "/Users/jlin/Desktop/twitter/tweetComposer/spec/support/capybara.rb": [
        1
      ],
      "/Users/jlin/Desktop/twitter/tweetComposer/spec/support/database_cleaner.rb": [
        1,
        1,
        1,
        null,
        null,
        1,
        6,
        null,
        null,
        1,
        0,
        null,
        null,
        1,
        6,
        null,
        null,
        1,
        6,
        null,
        null
      ],
      "/Users/jlin/Desktop/twitter/tweetComposer/spec/support/devise.rb": [
        1,
        1,
        null
      ],
      "/Users/jlin/Desktop/twitter/tweetComposer/spec/support/factory_girl.rb": [
        1,
        1,
        null
      ],
      "/Users/jlin/Desktop/twitter/tweetComposer/spec/support/helpers/session_helpers.rb": [
        1,
        1,
        1,
        6,
        6,
        6,
        6,
        6,
        null,
        null,
        1,
        0,
        0,
        0,
        0,
        null,
        null,
        null
      ],
      "/Users/jlin/Desktop/twitter/tweetComposer/spec/support/helpers.rb": [
        1,
        1,
        1,
        null
      ],
      "/Users/jlin/Desktop/twitter/tweetComposer/spec/features/visitors/sign_up_spec.rb": [
        null,
        null,
        null,
        null,
        1,
        null,
        null,
        null,
        null,
        null,
        1,
        1,
        1,
        1,
        null,
        null,
        null,
        null,
        null,
        null,
        1,
        1,
        1,
        null,
        null,
        null,
        null,
        null,
        null,
        1,
        1,
        1,
        null,
        null,
        null,
        null,
        null,
        null,
        1,
        1,
        1,
        null,
        null,
        null,
        null,
        null,
        null,
        1,
        1,
        1,
        null,
        null,
        null,
        null,
        null,
        null,
        1,
        1,
        1,
        null,
        null,
        null
      ],
      "/Users/jlin/Desktop/twitter/tweetComposer/app/controllers/users_controller.rb": [
        1,
        1,
        null,
        1,
        0,
        null,
        null,
        1,
        1,
        1,
        1,
        null,
        null,
        null,
        null,
        null,
        null,
        null,
        1,
        0,
        0,
        0,
        0,
        0,
        null,
        null,
        null,
        null
      ],
      "/Users/jlin/Desktop/twitter/tweetComposer/app/models/followship.rb": [
        1,
        1,
        1,
        null,
        1,
        1,
        null,
        1,
        null
      ],
      "/Users/jlin/Desktop/twitter/tweetComposer/app/models/post.rb": [
        1,
        1,
        null,
        1,
        1,
        1,
        null,
        1,
        1,
        null,
        1,
        null,
        null,
        null,
        null,
        null,
        null,
        null,
        null
      ]
    },
    "timestamp": 1443807398
  },
  "(2/8)": {
    "coverage": {
      "/Users/jlin/Desktop/twitter/tweetComposer/spec/rails_helper.rb": [
        null,
        1,
        1,
        null,
        1,
        1,
        1,
        null,
        null,
        null,
        null,
        null,
        null,
        null,
        null,
        null,
        null,
        null,
        null,
        null,
        null,
        null,
        7,
        null,
        null,
        null,
        1,
        null,
        1,
        null,
        1,
        null,
        null,
        null,
        null,
        1,
        null,
        null,
        null,
        null,
        null,
        null,
        null,
        null,
        null,
        null,
        null,
        null,
        null,
        null,
        1,
        null
      ],
      "/Users/jlin/Desktop/twitter/tweetComposer/spec/support/capybara.rb": [
        1
      ],
      "/Users/jlin/Desktop/twitter/tweetComposer/spec/support/database_cleaner.rb": [
        1,
        1,
        1,
        null,
        null,
        1,
        4,
        null,
        null,
        1,
        0,
        null,
        null,
        1,
        4,
        null,
        null,
        1,
        4,
        null,
        null
      ],
      "/Users/jlin/Desktop/twitter/tweetComposer/spec/support/devise.rb": [
        1,
        1,
        null
      ],
      "/Users/jlin/Desktop/twitter/tweetComposer/spec/support/factory_girl.rb": [
        1,
        1,
        null
      ],
      "/Users/jlin/Desktop/twitter/tweetComposer/spec/support/helpers/session_helpers.rb": [
        1,
        1,
        1,
        0,
        0,
        0,
        0,
        0,
        null,
        null,
        1,
        4,
        4,
        4,
        4,
        null,
        null,
        null
      ],
      "/Users/jlin/Desktop/twitter/tweetComposer/spec/support/helpers.rb": [
        1,
        1,
        1,
        null
      ],
      "/Users/jlin/Desktop/twitter/tweetComposer/spec/features/users/sign_in_spec.rb": [
        null,
        null,
        null,
        null,
        1,
        null,
        null,
        null,
        null,
        null,
        1,
        1,
        1,
        null,
        null,
        null,
        null,
        null,
        null,
        null,
        1,
        1,
        1,
        1,
        1,
        null,
        null,
        null,
        null,
        null,
        null,
        null,
        1,
        1,
        1,
        1,
        null,
        null,
        null,
        null,
        null,
        null,
        null,
        1,
        1,
        1,
        1,
        null,
        null,
        null
      ],
      "/Users/jlin/Desktop/twitter/tweetComposer/app/controllers/users_controller.rb": [
        1,
        1,
        null,
        1,
        0,
        null,
        null,
        1,
        1,
        1,
        1,
        null,
        null,
        null,
        null,
        null,
        null,
        null,
        1,
        0,
        0,
        0,
        0,
        0,
        null,
        null,
        null,
        null
      ],
      "/Users/jlin/Desktop/twitter/tweetComposer/app/models/followship.rb": [
        1,
        1,
        1,
        null,
        1,
        1,
        null,
        1,
        null
      ],
      "/Users/jlin/Desktop/twitter/tweetComposer/app/models/post.rb": [
        1,
        1,
        null,
        1,
        1,
        1,
        null,
        1,
        1,
        null,
        1,
        null,
        null,
        null,
        null,
        null,
        null,
        null,
        null
      ]
    },
    "timestamp": 1443807397
  },
  "(7/8)": {
    "coverage": {
      "/Users/jlin/Desktop/twitter/tweetComposer/spec/rails_helper.rb": [
        null,
        1,
        1,
        null,
        1,
        1,
        1,
        null,
        null,
        null,
        null,
        null,
        null,
        null,
        null,
        null,
        null,
        null,
        null,
        null,
        null,
        null,
        7,
        null,
        null,
        null,
        1,
        null,
        1,
        null,
        1,
        null,
        null,
        null,
        null,
        1,
        null,
        null,
        null,
        null,
        null,
        null,
        null,
        null,
        null,
        null,
        null,
        null,
        null,
        null,
        1,
        null
      ],
      "/Users/jlin/Desktop/twitter/tweetComposer/spec/support/capybara.rb": [
        1
      ],
      "/Users/jlin/Desktop/twitter/tweetComposer/spec/support/database_cleaner.rb": [
        1,
        1,
        1,
        null,
        null,
        1,
        10,
        null,
        null,
        1,
        0,
        null,
        null,
        1,
        10,
        null,
        null,
        1,
        10,
        null,
        null
      ],
      "/Users/jlin/Desktop/twitter/tweetComposer/spec/support/devise.rb": [
        1,
        1,
        null
      ],
      "/Users/jlin/Desktop/twitter/tweetComposer/spec/support/factory_girl.rb": [
        1,
        1,
        null
      ],
      "/Users/jlin/Desktop/twitter/tweetComposer/spec/support/helpers/session_helpers.rb": [
        1,
        1,
        1,
        0,
        0,
        0,
        0,
        0,
        null,
        null,
        1,
        1,
        1,
        1,
        1,
        null,
        null,
        null
      ],
      "/Users/jlin/Desktop/twitter/tweetComposer/spec/support/helpers.rb": [
        1,
        1,
        1,
        null
      ],
      "/Users/jlin/Desktop/twitter/tweetComposer/spec/features/users/sign_out_spec.rb": [
        null,
        null,
        null,
        null,
        1,
        null,
        null,
        null,
        null,
        null,
        1,
        1,
        1,
        1,
        1,
        1,
        null,
        null,
        null,
        null,
        null
      ],
      "/Users/jlin/Desktop/twitter/tweetComposer/spec/models/post_spec.rb": [
        null,
        null,
        null,
        null,
        null,
        null,
        null,
        null,
        1,
        null,
        1,
        9,
        9,
        null,
        null,
        4,
        null,
        1,
        1,
        null,
        null,
        1,
        1,
        null,
        null,
        1,
        1,
        null,
        null,
        2,
        null,
        1,
        1,
        null,
        null,
        2,
        null,
        1,
        1,
        null,
        null,
        2,
        null,
        1,
        1,
        null,
        null,
        null
      ],
      "/Users/jlin/Desktop/twitter/tweetComposer/app/models/post.rb": [
        1,
        1,
        null,
        1,
        1,
        1,
        null,
        1,
        1,
        null,
        1,
        null,
        null,
        null,
        null,
        null,
        null,
        null,
        null
      ],
      "/Users/jlin/Desktop/twitter/tweetComposer/app/controllers/users_controller.rb": [
        1,
        1,
        null,
        1,
        0,
        null,
        null,
        1,
        1,
        1,
        1,
        null,
        null,
        null,
        null,
        null,
        null,
        null,
        1,
        0,
        0,
        0,
        0,
        0,
        null,
        null,
        null,
        null
      ],
      "/Users/jlin/Desktop/twitter/tweetComposer/app/models/followship.rb": [
        1,
        1,
        1,
        null,
        1,
        1,
        null,
        1,
        null
      ],
      "/Users/jlin/Desktop/twitter/tweetComposer/app/controllers/visitors_controller.rb": [
        1,
        null,
        1,
        1,
        null,
        null,
        null
      ]
    },
    "timestamp": 1443807397
  },
  "(6/8)": {
    "coverage": {
      "/Users/jlin/Desktop/twitter/tweetComposer/spec/rails_helper.rb": [
        null,
        1,
        1,
        null,
        1,
        1,
        1,
        null,
        null,
        null,
        null,
        null,
        null,
        null,
        null,
        null,
        null,
        null,
        null,
        null,
        null,
        null,
        7,
        null,
        null,
        null,
        1,
        null,
        1,
        null,
        1,
        null,
        null,
        null,
        null,
        1,
        null,
        null,
        null,
        null,
        null,
        null,
        null,
        null,
        null,
        null,
        null,
        null,
        null,
        null,
        1,
        null
      ],
      "/Users/jlin/Desktop/twitter/tweetComposer/spec/support/capybara.rb": [
        1
      ],
      "/Users/jlin/Desktop/twitter/tweetComposer/spec/support/database_cleaner.rb": [
        1,
        1,
        1,
        null,
        null,
        1,
        2,
        null,
        null,
        1,
        0,
        null,
        null,
        1,
        2,
        null,
        null,
        1,
        2,
        null,
        null
      ],
      "/Users/jlin/Desktop/twitter/tweetComposer/spec/support/devise.rb": [
        1,
        1,
        null
      ],
      "/Users/jlin/Desktop/twitter/tweetComposer/spec/support/factory_girl.rb": [
        1,
        1,
        null
      ],
      "/Users/jlin/Desktop/twitter/tweetComposer/spec/support/helpers/session_helpers.rb": [
        1,
        1,
        1,
        0,
        0,
        0,
        0,
        0,
        null,
        null,
        1,
        0,
        0,
        0,
        0,
        null,
        null,
        null
      ],
      "/Users/jlin/Desktop/twitter/tweetComposer/spec/support/helpers.rb": [
        1,
        1,
        1,
        null
      ],
      "/Users/jlin/Desktop/twitter/tweetComposer/spec/features/followships/follow_spec.rb": [
        null,
        null,
        null,
        null,
        null,
        null,
        null,
        null,
        null,
        null,
        null,
        null,
        null,
        null,
        null,
        null,
        null,
        null,
        null,
        null
      ],
      "/Users/jlin/Desktop/twitter/tweetComposer/spec/features/users/user_show_spec.rb": [
        1,
        1,
        null,
        null,
        null,
        null,
        null,
        1,
        null,
        1,
        2,
        null,
        null,
        null,
        null,
        null,
        null,
        1,
        1,
        1,
        1,
        1,
        1,
        null,
        null,
        null,
        null,
        null,
        null,
        1,
        1,
        1,
        1,
        1,
        1,
        1,
        null,
        null,
        null
      ],
      "/Users/jlin/Desktop/twitter/tweetComposer/app/controllers/users_controller.rb": [
        1,
        1,
        null,
        1,
        0,
        null,
        null,
        1,
        2,
        2,
        2,
        null,
        null,
        null,
        null,
        null,
        null,
        null,
        1,
        0,
        0,
        0,
        0,
        0,
        null,
        null,
        null,
        null
      ],
      "/Users/jlin/Desktop/twitter/tweetComposer/app/models/followship.rb": [
        1,
        1,
        1,
        null,
        1,
        1,
        null,
        1,
        null
      ],
      "/Users/jlin/Desktop/twitter/tweetComposer/app/models/post.rb": [
        1,
        1,
        null,
        1,
        1,
        1,
        null,
        1,
        1,
        null,
        1,
        null,
        null,
        null,
        null,
        null,
        null,
        null,
        null
      ]
    },
    "timestamp": 1443807397
  },
  "(4/8)": {
    "coverage": {
      "/Users/jlin/Desktop/twitter/tweetComposer/spec/rails_helper.rb": [
        null,
        1,
        1,
        null,
        1,
        1,
        1,
        null,
        null,
        null,
        null,
        null,
        null,
        null,
        null,
        null,
        null,
        null,
        null,
        null,
        null,
        null,
        7,
        null,
        null,
        null,
        1,
        null,
        1,
        null,
        1,
        null,
        null,
        null,
        null,
        1,
        null,
        null,
        null,
        null,
        null,
        null,
        null,
        null,
        null,
        null,
        null,
        null,
        null,
        null,
        1,
        null
      ],
      "/Users/jlin/Desktop/twitter/tweetComposer/spec/support/capybara.rb": [
        1
      ],
      "/Users/jlin/Desktop/twitter/tweetComposer/spec/support/database_cleaner.rb": [
        1,
        1,
        1,
        null,
        null,
        1,
        9,
        null,
        null,
        1,
        0,
        null,
        null,
        1,
        9,
        null,
        null,
        1,
        9,
        null,
        null
      ],
      "/Users/jlin/Desktop/twitter/tweetComposer/spec/support/devise.rb": [
        1,
        1,
        null
      ],
      "/Users/jlin/Desktop/twitter/tweetComposer/spec/support/factory_girl.rb": [
        1,
        1,
        null
      ],
      "/Users/jlin/Desktop/twitter/tweetComposer/spec/support/helpers/session_helpers.rb": [
        1,
        1,
        1,
        0,
        0,
        0,
        0,
        0,
        null,
        null,
        1,
        0,
        0,
        0,
        0,
        null,
        null,
        null
      ],
      "/Users/jlin/Desktop/twitter/tweetComposer/spec/support/helpers.rb": [
        1,
        1,
        1,
        null
      ],
      "/Users/jlin/Desktop/twitter/tweetComposer/spec/models/followship_spec.rb": [
        null,
        null,
        null,
        null,
        null,
        null,
        1,
        null,
        1,
        9,
        9,
        9,
        null,
        null,
        3,
        null,
        1,
        1,
        null,
        null,
        1,
        1,
        null,
        null,
        1,
        1,
        null,
        null,
        2,
        null,
        1,
        1,
        null,
        null,
        1,
        1,
        null,
        null,
        2,
        null,
        1,
        1,
        null,
        null,
        1,
        1,
        null,
        null,
        null
      ],
      "/Users/jlin/Desktop/twitter/tweetComposer/app/models/followship.rb": [
        1,
        1,
        1,
        null,
        1,
        1,
        null,
        1,
        null
      ]
    },
    "timestamp": 1443807397
  },
  "(3/8)": {
    "coverage": {
      "/Users/jlin/Desktop/twitter/tweetComposer/spec/rails_helper.rb": [
        null,
        1,
        1,
        null,
        1,
        1,
        1,
        null,
        null,
        null,
        null,
        null,
        null,
        null,
        null,
        null,
        null,
        null,
        null,
        null,
        null,
        null,
        7,
        null,
        null,
        null,
        1,
        null,
        1,
        null,
        1,
        null,
        null,
        null,
        null,
        1,
        null,
        null,
        null,
        null,
        null,
        null,
        null,
        null,
        null,
        null,
        null,
        null,
        null,
        null,
        1,
        null
      ],
      "/Users/jlin/Desktop/twitter/tweetComposer/spec/support/capybara.rb": [
        1
      ],
      "/Users/jlin/Desktop/twitter/tweetComposer/spec/support/database_cleaner.rb": [
        1,
        1,
        1,
        null,
        null,
        1,
        9,
        null,
        null,
        1,
        0,
        null,
        null,
        1,
        9,
        null,
        null,
        1,
        9,
        null,
        null
      ],
      "/Users/jlin/Desktop/twitter/tweetComposer/spec/support/devise.rb": [
        1,
        1,
        null
      ],
      "/Users/jlin/Desktop/twitter/tweetComposer/spec/support/factory_girl.rb": [
        1,
        1,
        null
      ],
      "/Users/jlin/Desktop/twitter/tweetComposer/spec/support/helpers/session_helpers.rb": [
        1,
        1,
        1,
        0,
        0,
        0,
        0,
        0,
        null,
        null,
        1,
        0,
        0,
        0,
        0,
        null,
        null,
        null
      ],
      "/Users/jlin/Desktop/twitter/tweetComposer/spec/support/helpers.rb": [
        1,
        1,
        1,
        null
      ],
      "/Users/jlin/Desktop/twitter/tweetComposer/spec/models/user_spec.rb": [
        1,
        null,
        1,
        9,
        9,
        9,
        9,
        null,
        null,
        9,
        9,
        9,
        null,
        null,
        4,
        null,
        1,
        1,
        null,
        null,
        1,
        1,
        null,
        null,
        1,
        1,
        null,
        null,
        2,
        null,
        1,
        1,
        null,
        null,
        2,
        null,
        1,
        1,
        1,
        1,
        null,
        null,
        2,
        null,
        1,
        1,
        1,
        1,
        null,
        null,
        null
      ],
      "/Users/jlin/Desktop/twitter/tweetComposer/app/models/followship.rb": [
        1,
        1,
        1,
        null,
        1,
        1,
        null,
        1,
        null
      ]
    },
    "timestamp": 1443807398
  },
  "(4/4)": {
    "coverage": {
      "/Users/jlin/Desktop/twitter/tweetComposer/spec/rails_helper.rb": [
        null,
        1,
        1,
        null,
        1,
        1,
        1,
        null,
        null,
        null,
        null,
        null,
        null,
        null,
        null,
        null,
        null,
        null,
        null,
        null,
        null,
        null,
        7,
        null,
        null,
        null,
        1,
        null,
        1,
        null,
        1,
        null,
        null,
        null,
        null,
        1,
        null,
        null,
        null,
        null,
        null,
        null,
        null,
        null,
        null,
        null,
        null,
        null,
        null,
        null,
        1,
        null
      ],
      "/Users/jlin/Desktop/twitter/tweetComposer/spec/support/capybara.rb": [
        1
      ],
      "/Users/jlin/Desktop/twitter/tweetComposer/spec/support/database_cleaner.rb": [
        1,
        1,
        1,
        null,
        null,
        1,
        11,
        null,
        null,
        1,
        0,
        null,
        null,
        1,
        11,
        null,
        null,
        1,
        11,
        null,
        null
      ],
      "/Users/jlin/Desktop/twitter/tweetComposer/spec/support/devise.rb": [
        1,
        1,
        null
      ],
      "/Users/jlin/Desktop/twitter/tweetComposer/spec/support/factory_girl.rb": [
        1,
        1,
        null
      ],
      "/Users/jlin/Desktop/twitter/tweetComposer/spec/support/helpers/session_helpers.rb": [
        1,
        1,
        1,
        0,
        0,
        0,
        0,
        0,
        null,
        null,
        1,
        0,
        0,
        0,
        0,
        null,
        null,
        null
      ],
      "/Users/jlin/Desktop/twitter/tweetComposer/spec/support/helpers.rb": [
        1,
        1,
        1,
        null
      ],
      "/Users/jlin/Desktop/twitter/tweetComposer/spec/features/followships/follow_spec.rb": [
        null,
        null,
        null,
        null,
        null,
        null,
        null,
        null,
        null,
        null,
        null,
        null,
        null,
        null,
        null,
        null,
        null,
        null,
        null,
        null
      ],
      "/Users/jlin/Desktop/twitter/tweetComposer/spec/features/users/user_edit_spec.rb": [
        1,
        1,
        null,
        null,
        null,
        null,
        null,
        1,
        null,
        1,
        2,
        null,
        null,
        null,
        null,
        null,
        null,
        1,
        1,
        1,
        1,
        1,
        1,
        1,
        1,
        1,
        null,
        null,
        null,
        null,
        null,
        null,
        1,
        1,
        1,
        1,
        1,
        1,
        1,
        null,
        null,
        null
      ],
      "/Users/jlin/Desktop/twitter/tweetComposer/spec/models/followship_spec.rb": [
        null,
        null,
        null,
        null,
        null,
        null,
        1,
        null,
        1,
        9,
        9,
        9,
        null,
        null,
        3,
        null,
        1,
        1,
        null,
        null,
        1,
        1,
        null,
        null,
        1,
        1,
        null,
        null,
        2,
        null,
        1,
        1,
        null,
        null,
        1,
        1,
        null,
        null,
        2,
        null,
        1,
        1,
        null,
        null,
        1,
        1,
        null,
        null,
        null
      ],
      "/Users/jlin/Desktop/twitter/tweetComposer/app/models/followship.rb": [
        1,
        1,
        1,
        null,
        1,
        1,
        null,
        1,
        null
      ],
      "/Users/jlin/Desktop/twitter/tweetComposer/app/controllers/visitors_controller.rb": [
        1,
        null,
        1,
        1,
        null,
        null,
        null
      ],
      "/Users/jlin/Desktop/twitter/tweetComposer/app/models/post.rb": [
        1,
        1,
        null,
        1,
        1,
        1,
        null,
        1,
        1,
        null,
        1,
        null,
        null,
        null,
        null,
        null,
        null,
        null,
        null
      ]
    },
    "timestamp": 1443755238
  },
  "(1/4)": {
    "coverage": {
      "/Users/jlin/Desktop/twitter/tweetComposer/spec/rails_helper.rb": [
        null,
        1,
        1,
        null,
        1,
        1,
        1,
        null,
        null,
        null,
        null,
        null,
        null,
        null,
        null,
        null,
        null,
        null,
        null,
        null,
        null,
        null,
        7,
        null,
        null,
        null,
        1,
        null,
        1,
        null,
        1,
        null,
        null,
        null,
        null,
        1,
        null,
        null,
        null,
        null,
        null,
        null,
        null,
        null,
        null,
        null,
        null,
        null,
        null,
        null,
        1,
        null
      ],
      "/Users/jlin/Desktop/twitter/tweetComposer/spec/support/capybara.rb": [
        1
      ],
      "/Users/jlin/Desktop/twitter/tweetComposer/spec/support/database_cleaner.rb": [
        1,
        1,
        1,
        null,
        null,
        1,
        8,
        null,
        null,
        1,
        1,
        null,
        null,
        1,
        8,
        null,
        null,
        1,
        8,
        null,
        null
      ],
      "/Users/jlin/Desktop/twitter/tweetComposer/spec/support/devise.rb": [
        1,
        1,
        null
      ],
      "/Users/jlin/Desktop/twitter/tweetComposer/spec/support/factory_girl.rb": [
        1,
        1,
        null
      ],
      "/Users/jlin/Desktop/twitter/tweetComposer/spec/support/helpers/session_helpers.rb": [
        1,
        1,
        1,
        6,
        6,
        6,
        6,
        6,
        null,
        null,
        1,
        0,
        0,
        0,
        0,
        null,
        null,
        null
      ],
      "/Users/jlin/Desktop/twitter/tweetComposer/spec/support/helpers.rb": [
        1,
        1,
        1,
        null
      ],
      "/Users/jlin/Desktop/twitter/tweetComposer/spec/features/users/user_delete_spec.rb": [
        1,
        1,
        null,
        null,
        null,
        null,
        null,
        1,
        null,
        1,
        1,
        null,
        null,
        null,
        null,
        null,
        null,
        1,
        null,
        1,
        0,
        0,
        0,
        0,
        0,
        null,
        null,
        null,
        null,
        null,
        null,
        null
      ],
      "/Users/jlin/Desktop/twitter/tweetComposer/spec/features/visitors/navigation_spec.rb": [
        null,
        null,
        null,
        null,
        1,
        null,
        null,
        null,
        null,
        null,
        1,
        1,
        1,
        1,
        1,
        null,
        null,
        null
      ],
      "/Users/jlin/Desktop/twitter/tweetComposer/spec/features/visitors/sign_up_spec.rb": [
        null,
        null,
        null,
        null,
        1,
        null,
        null,
        null,
        null,
        null,
        1,
        1,
        1,
        1,
        null,
        null,
        null,
        null,
        null,
        null,
        1,
        1,
        1,
        null,
        null,
        null,
        null,
        null,
        null,
        1,
        1,
        1,
        null,
        null,
        null,
        null,
        null,
        null,
        1,
        1,
        1,
        null,
        null,
        null,
        null,
        null,
        null,
        1,
        1,
        1,
        null,
        null,
        null,
        null,
        null,
        null,
        1,
        1,
        1,
        null,
        null,
        null
      ],
      "/Users/jlin/Desktop/twitter/tweetComposer/app/controllers/visitors_controller.rb": [
        1,
        null,
        1,
        1,
        null,
        null,
        null
      ],
      "/Users/jlin/Desktop/twitter/tweetComposer/app/models/post.rb": [
        1,
        1,
        null,
        1,
        1,
        1,
        null,
        1,
        1,
        null,
        1,
        null,
        null,
        null,
        null,
        null,
        null,
        null,
        null
      ]
    },
    "timestamp": 1443755238
  },
  "(2/4)": {
    "coverage": {
      "/Users/jlin/Desktop/twitter/tweetComposer/spec/rails_helper.rb": [
        null,
        1,
        1,
        null,
        1,
        1,
        1,
        null,
        null,
        null,
        null,
        null,
        null,
        null,
        null,
        null,
        null,
        null,
        null,
        null,
        null,
        null,
        7,
        null,
        null,
        null,
        1,
        null,
        1,
        null,
        1,
        null,
        null,
        null,
        null,
        1,
        null,
        null,
        null,
        null,
        null,
        null,
        null,
        null,
        null,
        null,
        null,
        null,
        null,
        null,
        1,
        null
      ],
      "/Users/jlin/Desktop/twitter/tweetComposer/spec/support/capybara.rb": [
        1
      ],
      "/Users/jlin/Desktop/twitter/tweetComposer/spec/support/database_cleaner.rb": [
        1,
        1,
        1,
        null,
        null,
        1,
        7,
        null,
        null,
        1,
        0,
        null,
        null,
        1,
        7,
        null,
        null,
        1,
        7,
        null,
        null
      ],
      "/Users/jlin/Desktop/twitter/tweetComposer/spec/support/devise.rb": [
        1,
        1,
        null
      ],
      "/Users/jlin/Desktop/twitter/tweetComposer/spec/support/factory_girl.rb": [
        1,
        1,
        null
      ],
      "/Users/jlin/Desktop/twitter/tweetComposer/spec/support/helpers/session_helpers.rb": [
        1,
        1,
        1,
        0,
        0,
        0,
        0,
        0,
        null,
        null,
        1,
        4,
        4,
        4,
        4,
        null,
        null,
        null
      ],
      "/Users/jlin/Desktop/twitter/tweetComposer/spec/support/helpers.rb": [
        1,
        1,
        1,
        null
      ],
      "/Users/jlin/Desktop/twitter/tweetComposer/spec/features/users/sign_in_spec.rb": [
        null,
        null,
        null,
        null,
        1,
        null,
        null,
        null,
        null,
        null,
        1,
        1,
        1,
        null,
        null,
        null,
        null,
        null,
        null,
        null,
        1,
        1,
        0,
        0,
        null,
        null,
        null,
        null,
        null,
        null,
        null,
        1,
        1,
        1,
        1,
        null,
        null,
        null,
        null,
        null,
        null,
        null,
        1,
        1,
        1,
        1,
        null,
        null,
        null
      ],
      "/Users/jlin/Desktop/twitter/tweetComposer/spec/features/users/sign_out_spec.rb": [
        null,
        null,
        null,
        null,
        1,
        null,
        null,
        null,
        null,
        null,
        1,
        1,
        1,
        1,
        1,
        1,
        null,
        null,
        null,
        null,
        null
      ],
      "/Users/jlin/Desktop/twitter/tweetComposer/spec/features/users/user_show_spec.rb": [
        1,
        1,
        null,
        null,
        null,
        null,
        null,
        1,
        null,
        1,
        2,
        null,
        null,
        null,
        null,
        null,
        null,
        1,
        1,
        1,
        1,
        1,
        1,
        null,
        null,
        null,
        null,
        null,
        null,
        1,
        1,
        1,
        1,
        1,
        1,
        1,
        null,
        null,
        null
      ],
      "/Users/jlin/Desktop/twitter/tweetComposer/app/controllers/users_controller.rb": [
        1,
        1,
        null,
        1,
        0,
        null,
        null,
        1,
        3,
        3,
        3,
        null,
        null,
        null,
        null,
        null,
        null,
        null,
        1,
        0,
        0,
        0,
        0,
        0,
        null,
        null,
        null,
        null
      ],
      "/Users/jlin/Desktop/twitter/tweetComposer/app/models/followship.rb": [
        1,
        1,
        1,
        null,
        1,
        1,
        null,
        1,
        null
      ],
      "/Users/jlin/Desktop/twitter/tweetComposer/app/models/post.rb": [
        1,
        1,
        null,
        1,
        1,
        1,
        null,
        1,
        1,
        null,
        1,
        null,
        null,
        null,
        null,
        null,
        null,
        null,
        null
      ],
      "/Users/jlin/Desktop/twitter/tweetComposer/app/controllers/visitors_controller.rb": [
        1,
        null,
        1,
        1,
        null,
        null,
        null
      ]
    },
    "timestamp": 1443755239
  },
  "(3/4)": {
    "coverage": {
      "/Users/jlin/Desktop/twitter/tweetComposer/spec/rails_helper.rb": [
        null,
        1,
        1,
        null,
        1,
        1,
        1,
        null,
        null,
        null,
        null,
        null,
        null,
        null,
        null,
        null,
        null,
        null,
        null,
        null,
        null,
        null,
        7,
        null,
        null,
        null,
        1,
        null,
        1,
        null,
        1,
        null,
        null,
        null,
        null,
        1,
        null,
        null,
        null,
        null,
        null,
        null,
        null,
        null,
        null,
        null,
        null,
        null,
        null,
        null,
        1,
        null
      ],
      "/Users/jlin/Desktop/twitter/tweetComposer/spec/support/capybara.rb": [
        1
      ],
      "/Users/jlin/Desktop/twitter/tweetComposer/spec/support/database_cleaner.rb": [
        1,
        1,
        1,
        null,
        null,
        1,
        20,
        null,
        null,
        1,
        0,
        null,
        null,
        1,
        20,
        null,
        null,
        1,
        20,
        null,
        null
      ],
      "/Users/jlin/Desktop/twitter/tweetComposer/spec/support/devise.rb": [
        1,
        1,
        null
      ],
      "/Users/jlin/Desktop/twitter/tweetComposer/spec/support/factory_girl.rb": [
        1,
        1,
        null
      ],
      "/Users/jlin/Desktop/twitter/tweetComposer/spec/support/helpers/session_helpers.rb": [
        1,
        1,
        1,
        0,
        0,
        0,
        0,
        0,
        null,
        null,
        1,
        0,
        0,
        0,
        0,
        null,
        null,
        null
      ],
      "/Users/jlin/Desktop/twitter/tweetComposer/spec/support/helpers.rb": [
        1,
        1,
        1,
        null
      ],
      "/Users/jlin/Desktop/twitter/tweetComposer/spec/features/users/user_index_spec.rb": [
        1,
        1,
        null,
        null,
        null,
        null,
        null,
        1,
        null,
        1,
        1,
        null,
        null,
        null,
        null,
        null,
        null,
        1,
        1,
        0,
        0,
        0,
        null,
        null,
        null
      ],
      "/Users/jlin/Desktop/twitter/tweetComposer/spec/features/visitors/home_page_spec.rb": [
        null,
        null,
        null,
        null,
        1,
        null,
        null,
        null,
        null,
        null,
        1,
        1,
        1,
        null,
        null,
        null
      ],
      "/Users/jlin/Desktop/twitter/tweetComposer/spec/models/post_spec.rb": [
        null,
        null,
        null,
        null,
        null,
        null,
        null,
        null,
        1,
        null,
        1,
        9,
        9,
        null,
        null,
        4,
        null,
        1,
        1,
        null,
        null,
        1,
        1,
        null,
        null,
        1,
        1,
        null,
        null,
        2,
        null,
        1,
        1,
        null,
        null,
        2,
        null,
        1,
        1,
        null,
        null,
        2,
        null,
        1,
        1,
        null,
        null,
        null
      ],
      "/Users/jlin/Desktop/twitter/tweetComposer/app/models/post.rb": [
        1,
        1,
        null,
        1,
        1,
        1,
        null,
        1,
        1,
        null,
        1,
        null,
        null,
        null,
        null,
        null,
        null,
        null,
        null
      ],
      "/Users/jlin/Desktop/twitter/tweetComposer/spec/models/user_spec.rb": [
        1,
        null,
        1,
        9,
        9,
        9,
        9,
        null,
        null,
        9,
        9,
        9,
        null,
        null,
        4,
        null,
        1,
        1,
        null,
        null,
        1,
        1,
        null,
        null,
        1,
        1,
        null,
        null,
        2,
        null,
        1,
        1,
        null,
        null,
        2,
        null,
        1,
        1,
        1,
        1,
        null,
        null,
        2,
        null,
        1,
        1,
        1,
        1,
        null,
        null,
        null
      ],
      "/Users/jlin/Desktop/twitter/tweetComposer/app/controllers/visitors_controller.rb": [
        1,
        null,
        1,
        1,
        null,
        null,
        null
      ],
      "/Users/jlin/Desktop/twitter/tweetComposer/app/models/followship.rb": [
        1,
        1,
        1,
        null,
        1,
        1,
        null,
        1,
        null
      ]
    },
    "timestamp": 1443755239
  },
  "(1/1)": {
    "coverage": {
      "/Users/jlin/Desktop/twitter/tweetComposer/spec/rails_helper.rb": [
        null,
        1,
        1,
        null,
        1,
        1,
        1,
        null,
        null,
        null,
        null,
        null,
        null,
        null,
        null,
        null,
        null,
        null,
        null,
        null,
        null,
        null,
        7,
        null,
        null,
        null,
        1,
        null,
        1,
        null,
        1,
        null,
        null,
        null,
        null,
        1,
        null,
        null,
        null,
        null,
        null,
        null,
        null,
        null,
        null,
        null,
        null,
        null,
        null,
        null,
        1,
        null
      ],
      "/Users/jlin/Desktop/twitter/tweetComposer/spec/support/capybara.rb": [
        1
      ],
      "/Users/jlin/Desktop/twitter/tweetComposer/spec/support/database_cleaner.rb": [
        1,
        1,
        1,
        null,
        null,
        1,
        46,
        null,
        null,
        1,
        1,
        null,
        null,
        1,
        46,
        null,
        null,
        1,
        46,
        null,
        null
      ],
      "/Users/jlin/Desktop/twitter/tweetComposer/spec/support/devise.rb": [
        1,
        1,
        null
      ],
      "/Users/jlin/Desktop/twitter/tweetComposer/spec/support/factory_girl.rb": [
        1,
        1,
        null
      ],
      "/Users/jlin/Desktop/twitter/tweetComposer/spec/support/helpers/session_helpers.rb": [
        1,
        1,
        1,
        6,
        6,
        6,
        6,
        6,
        null,
        null,
        1,
        5,
        5,
        5,
        5,
        null,
        null,
        null
      ],
      "/Users/jlin/Desktop/twitter/tweetComposer/spec/support/helpers.rb": [
        1,
        1,
        1,
        null
      ],
      "/Users/jlin/Desktop/twitter/tweetComposer/spec/features/followships/follow_spec.rb": [
        null,
        null,
        null,
        null,
        null,
        null,
        null,
        null,
        null,
        null,
        null,
        null,
        null,
        null,
        null,
        null,
        null,
        null,
        null,
        null
      ],
      "/Users/jlin/Desktop/twitter/tweetComposer/spec/features/users/sign_in_spec.rb": [
        null,
        null,
        null,
        null,
        1,
        null,
        null,
        null,
        null,
        null,
        1,
        1,
        1,
        null,
        null,
        null,
        null,
        null,
        null,
        null,
        1,
        1,
        1,
        1,
        1,
        null,
        null,
        null,
        null,
        null,
        null,
        null,
        1,
        1,
        1,
        1,
        null,
        null,
        null,
        null,
        null,
        null,
        null,
        1,
        1,
        1,
        1,
        null,
        null,
        null
      ],
      "/Users/jlin/Desktop/twitter/tweetComposer/spec/features/users/sign_out_spec.rb": [
        null,
        null,
        null,
        null,
        1,
        null,
        null,
        null,
        null,
        null,
        1,
        1,
        1,
        1,
        1,
        1,
        null,
        null,
        null,
        null,
        null
      ],
      "/Users/jlin/Desktop/twitter/tweetComposer/spec/features/users/user_delete_spec.rb": [
        1,
        1,
        null,
        null,
        null,
        null,
        null,
        1,
        null,
        1,
        1,
        null,
        null,
        null,
        null,
        null,
        null,
        1,
        null,
        1,
        1,
        1,
        1,
        1,
        1,
        null,
        null,
        null,
        null,
        null,
        null,
        null
      ],
      "/Users/jlin/Desktop/twitter/tweetComposer/spec/features/users/user_edit_spec.rb": [
        1,
        1,
        null,
        null,
        null,
        null,
        null,
        1,
        null,
        1,
        2,
        null,
        null,
        null,
        null,
        null,
        null,
        1,
        1,
        1,
        1,
        1,
        1,
        1,
        1,
        1,
        null,
        null,
        null,
        null,
        null,
        null,
        1,
        1,
        1,
        1,
        1,
        1,
        1,
        null,
        null,
        null
      ],
      "/Users/jlin/Desktop/twitter/tweetComposer/spec/features/users/user_index_spec.rb": [
        1,
        1,
        null,
        null,
        null,
        null,
        null,
        1,
        null,
        1,
        1,
        null,
        null,
        null,
        null,
        null,
        null,
        1,
        1,
        1,
        1,
        1,
        null,
        null,
        null
      ],
      "/Users/jlin/Desktop/twitter/tweetComposer/spec/features/users/user_show_spec.rb": [
        1,
        1,
        null,
        null,
        null,
        null,
        null,
        1,
        null,
        1,
        2,
        null,
        null,
        null,
        null,
        null,
        null,
        1,
        1,
        1,
        1,
        1,
        1,
        null,
        null,
        null,
        null,
        null,
        null,
        1,
        1,
        1,
        1,
        1,
        1,
        1,
        null,
        null,
        null
      ],
      "/Users/jlin/Desktop/twitter/tweetComposer/spec/features/visitors/home_page_spec.rb": [
        null,
        null,
        null,
        null,
        1,
        null,
        null,
        null,
        null,
        null,
        1,
        1,
        1,
        null,
        null,
        null
      ],
      "/Users/jlin/Desktop/twitter/tweetComposer/spec/features/visitors/navigation_spec.rb": [
        null,
        null,
        null,
        null,
        1,
        null,
        null,
        null,
        null,
        null,
        1,
        1,
        1,
        1,
        1,
        null,
        null,
        null
      ],
      "/Users/jlin/Desktop/twitter/tweetComposer/spec/features/visitors/sign_up_spec.rb": [
        null,
        null,
        null,
        null,
        1,
        null,
        null,
        null,
        null,
        null,
        1,
        1,
        1,
        1,
        null,
        null,
        null,
        null,
        null,
        null,
        1,
        1,
        1,
        null,
        null,
        null,
        null,
        null,
        null,
        1,
        1,
        1,
        null,
        null,
        null,
        null,
        null,
        null,
        1,
        1,
        1,
        null,
        null,
        null,
        null,
        null,
        null,
        1,
        1,
        1,
        null,
        null,
        null,
        null,
        null,
        null,
        1,
        1,
        1,
        null,
        null,
        null
      ],
      "/Users/jlin/Desktop/twitter/tweetComposer/spec/models/followship_spec.rb": [
        null,
        null,
        null,
        null,
        null,
        null,
        1,
        null,
        1,
        9,
        9,
        9,
        null,
        null,
        3,
        null,
        1,
        1,
        null,
        null,
        1,
        1,
        null,
        null,
        1,
        1,
        null,
        null,
        2,
        null,
        1,
        1,
        null,
        null,
        1,
        1,
        null,
        null,
        2,
        null,
        1,
        1,
        null,
        null,
        1,
        1,
        null,
        null,
        null
      ],
      "/Users/jlin/Desktop/twitter/tweetComposer/app/models/followship.rb": [
        1,
        1,
        1,
        null,
        1,
        1,
        null,
        1,
        null
      ],
      "/Users/jlin/Desktop/twitter/tweetComposer/spec/models/post_spec.rb": [
        null,
        null,
        null,
        null,
        null,
        null,
        null,
        null,
        1,
        null,
        1,
        9,
        9,
        null,
        null,
        4,
        null,
        1,
        1,
        null,
        null,
        1,
        1,
        null,
        null,
        1,
        1,
        null,
        null,
        2,
        null,
        1,
        1,
        null,
        null,
        2,
        null,
        1,
        1,
        null,
        null,
        2,
        null,
        1,
        1,
        null,
        null,
        null
      ],
      "/Users/jlin/Desktop/twitter/tweetComposer/app/models/post.rb": [
        1,
        1,
        null,
        1,
        1,
        1,
        null,
        1,
        1,
        null,
        1,
        null,
        null,
        null,
        null,
        null,
        null,
        null,
        null
      ],
      "/Users/jlin/Desktop/twitter/tweetComposer/spec/models/user_spec.rb": [
        1,
        null,
        1,
        9,
        9,
        9,
        9,
        null,
        null,
        9,
        9,
        9,
        null,
        null,
        4,
        null,
        1,
        1,
        null,
        null,
        1,
        1,
        null,
        null,
        1,
        1,
        null,
        null,
        2,
        null,
        1,
        1,
        null,
        null,
        2,
        null,
        1,
        1,
        1,
        1,
        null,
        null,
        2,
        null,
        1,
        1,
        1,
        1,
        null,
        null,
        null
      ],
      "/Users/jlin/Desktop/twitter/tweetComposer/app/controllers/users_controller.rb": [
        1,
        1,
        null,
        1,
        1,
        null,
        null,
        1,
        5,
        5,
        5,
        null,
        null,
        null,
        null,
        null,
        null,
        null,
        1,
        0,
        0,
        0,
        0,
        0,
        null,
        null,
        null,
        null
      ],
      "/Users/jlin/Desktop/twitter/tweetComposer/app/controllers/visitors_controller.rb": [
        1,
        null,
        1,
        5,
        null,
        null,
        null
      ]
    },
    "timestamp": 1443807353
  },
  "(2/2)": {
    "coverage": {
      "/Users/jlin/Desktop/twitter/tweetComposer/spec/rails_helper.rb": [
        null,
        1,
        1,
        null,
        1,
        1,
        1,
        null,
        null,
        null,
        null,
        null,
        null,
        null,
        null,
        null,
        null,
        null,
        null,
        null,
        null,
        null,
        7,
        null,
        null,
        null,
        1,
        null,
        1,
        null,
        1,
        null,
        null,
        null,
        null,
        1,
        null,
        null,
        null,
        null,
        null,
        null,
        null,
        null,
        null,
        null,
        null,
        null,
        null,
        null,
        1,
        null
      ],
      "/Users/jlin/Desktop/twitter/tweetComposer/spec/support/capybara.rb": [
        1
      ],
      "/Users/jlin/Desktop/twitter/tweetComposer/spec/support/database_cleaner.rb": [
        1,
        1,
        1,
        null,
        null,
        1,
        26,
        null,
        null,
        1,
        0,
        null,
        null,
        1,
        26,
        null,
        null,
        1,
        26,
        null,
        null
      ],
      "/Users/jlin/Desktop/twitter/tweetComposer/spec/support/devise.rb": [
        1,
        1,
        null
      ],
      "/Users/jlin/Desktop/twitter/tweetComposer/spec/support/factory_girl.rb": [
        1,
        1,
        null
      ],
      "/Users/jlin/Desktop/twitter/tweetComposer/spec/support/helpers/session_helpers.rb": [
        1,
        1,
        1,
        0,
        0,
        0,
        0,
        0,
        null,
        null,
        1,
        5,
        5,
        5,
        5,
        null,
        null,
        null
      ],
      "/Users/jlin/Desktop/twitter/tweetComposer/spec/support/helpers.rb": [
        1,
        1,
        1,
        null
      ],
      "/Users/jlin/Desktop/twitter/tweetComposer/spec/features/followships/follow_spec.rb": [
        null,
        null,
        null,
        null,
        null,
        null,
        null,
        null,
        null,
        null,
        null,
        null,
        null,
        null,
        null,
        null,
        null,
        null,
        null,
        null
      ],
      "/Users/jlin/Desktop/twitter/tweetComposer/spec/features/users/sign_in_spec.rb": [
        null,
        null,
        null,
        null,
        1,
        null,
        null,
        null,
        null,
        null,
        1,
        1,
        1,
        null,
        null,
        null,
        null,
        null,
        null,
        null,
        1,
        1,
        1,
        1,
        1,
        null,
        null,
        null,
        null,
        null,
        null,
        null,
        1,
        1,
        1,
        1,
        null,
        null,
        null,
        null,
        null,
        null,
        null,
        1,
        1,
        1,
        1,
        null,
        null,
        null
      ],
      "/Users/jlin/Desktop/twitter/tweetComposer/spec/features/users/sign_out_spec.rb": [
        null,
        null,
        null,
        null,
        1,
        null,
        null,
        null,
        null,
        null,
        1,
        1,
        1,
        1,
        1,
        1,
        null,
        null,
        null,
        null,
        null
      ],
      "/Users/jlin/Desktop/twitter/tweetComposer/spec/features/users/user_edit_spec.rb": [
        1,
        1,
        null,
        null,
        null,
        null,
        null,
        1,
        null,
        1,
        2,
        null,
        null,
        null,
        null,
        null,
        null,
        1,
        1,
        1,
        1,
        1,
        1,
        1,
        1,
        1,
        null,
        null,
        null,
        null,
        null,
        null,
        1,
        1,
        1,
        1,
        1,
        1,
        1,
        null,
        null,
        null
      ],
      "/Users/jlin/Desktop/twitter/tweetComposer/spec/features/visitors/home_page_spec.rb": [
        null,
        null,
        null,
        null,
        1,
        null,
        null,
        null,
        null,
        null,
        1,
        1,
        1,
        null,
        null,
        null
      ],
      "/Users/jlin/Desktop/twitter/tweetComposer/spec/models/post_spec.rb": [
        null,
        null,
        null,
        null,
        null,
        null,
        null,
        null,
        1,
        null,
        1,
        9,
        9,
        null,
        null,
        4,
        null,
        1,
        1,
        null,
        null,
        1,
        1,
        null,
        null,
        1,
        1,
        null,
        null,
        2,
        null,
        1,
        1,
        null,
        null,
        2,
        null,
        1,
        1,
        null,
        null,
        2,
        null,
        1,
        1,
        null,
        null,
        null
      ],
      "/Users/jlin/Desktop/twitter/tweetComposer/app/models/post.rb": [
        1,
        1,
        null,
        1,
        1,
        1,
        null,
        1,
        1,
        null,
        1,
        null,
        null,
        null,
        null,
        null,
        null,
        null,
        null
      ],
      "/Users/jlin/Desktop/twitter/tweetComposer/spec/models/user_spec.rb": [
        1,
        null,
        1,
        9,
        9,
        9,
        9,
        null,
        null,
        9,
        9,
        9,
        null,
        null,
        4,
        null,
        1,
        1,
        null,
        null,
        1,
        1,
        null,
        null,
        1,
        1,
        null,
        null,
        2,
        null,
        1,
        1,
        null,
        null,
        2,
        null,
        1,
        1,
        1,
        1,
        null,
        null,
        2,
        null,
        1,
        1,
        1,
        1,
        null,
        null,
        null
      ],
      "/Users/jlin/Desktop/twitter/tweetComposer/app/controllers/users_controller.rb": [
        1,
        1,
        null,
        1,
        0,
        null,
        null,
        1,
        2,
        2,
        2,
        null,
        null,
        null,
        null,
        null,
        null,
        null,
        1,
        0,
        0,
        0,
        0,
        0,
        null,
        null,
        null,
        null
      ],
      "/Users/jlin/Desktop/twitter/tweetComposer/app/models/followship.rb": [
        1,
        1,
        1,
        null,
        1,
        1,
        null,
        1,
        null
      ],
      "/Users/jlin/Desktop/twitter/tweetComposer/app/controllers/visitors_controller.rb": [
        1,
        null,
        1,
        3,
        null,
        null,
        null
      ]
    },
    "timestamp": 1443807224
  },
  "(1/2)": {
    "coverage": {
      "/Users/jlin/Desktop/twitter/tweetComposer/spec/rails_helper.rb": [
        null,
        1,
        1,
        null,
        1,
        1,
        1,
        null,
        null,
        null,
        null,
        null,
        null,
        null,
        null,
        null,
        null,
        null,
        null,
        null,
        null,
        null,
        7,
        null,
        null,
        null,
        1,
        null,
        1,
        null,
        1,
        null,
        null,
        null,
        null,
        1,
        null,
        null,
        null,
        null,
        null,
        null,
        null,
        null,
        null,
        null,
        null,
        null,
        null,
        null,
        1,
        null
      ],
      "/Users/jlin/Desktop/twitter/tweetComposer/spec/support/capybara.rb": [
        1
      ],
      "/Users/jlin/Desktop/twitter/tweetComposer/spec/support/database_cleaner.rb": [
        1,
        1,
        1,
        null,
        null,
        1,
        20,
        null,
        null,
        1,
        1,
        null,
        null,
        1,
        20,
        null,
        null,
        1,
        20,
        null,
        null
      ],
      "/Users/jlin/Desktop/twitter/tweetComposer/spec/support/devise.rb": [
        1,
        1,
        null
      ],
      "/Users/jlin/Desktop/twitter/tweetComposer/spec/support/factory_girl.rb": [
        1,
        1,
        null
      ],
      "/Users/jlin/Desktop/twitter/tweetComposer/spec/support/helpers/session_helpers.rb": [
        1,
        1,
        1,
        6,
        6,
        6,
        6,
        6,
        null,
        null,
        1,
        0,
        0,
        0,
        0,
        null,
        null,
        null
      ],
      "/Users/jlin/Desktop/twitter/tweetComposer/spec/support/helpers.rb": [
        1,
        1,
        1,
        null
      ],
      "/Users/jlin/Desktop/twitter/tweetComposer/spec/features/users/user_delete_spec.rb": [
        1,
        1,
        null,
        null,
        null,
        null,
        null,
        1,
        null,
        1,
        1,
        null,
        null,
        null,
        null,
        null,
        null,
        1,
        null,
        1,
        1,
        1,
        1,
        1,
        1,
        null,
        null,
        null,
        null,
        null,
        null,
        null
      ],
      "/Users/jlin/Desktop/twitter/tweetComposer/spec/features/users/user_index_spec.rb": [
        1,
        1,
        null,
        null,
        null,
        null,
        null,
        1,
        null,
        1,
        1,
        null,
        null,
        null,
        null,
        null,
        null,
        1,
        1,
        1,
        1,
        1,
        null,
        null,
        null
      ],
      "/Users/jlin/Desktop/twitter/tweetComposer/spec/features/users/user_show_spec.rb": [
        1,
        1,
        null,
        null,
        null,
        null,
        null,
        1,
        null,
        1,
        2,
        null,
        null,
        null,
        null,
        null,
        null,
        1,
        1,
        1,
        1,
        1,
        1,
        null,
        null,
        null,
        null,
        null,
        null,
        1,
        1,
        1,
        1,
        1,
        1,
        1,
        null,
        null,
        null
      ],
      "/Users/jlin/Desktop/twitter/tweetComposer/spec/features/visitors/navigation_spec.rb": [
        null,
        null,
        null,
        null,
        1,
        null,
        null,
        null,
        null,
        null,
        1,
        1,
        1,
        1,
        1,
        null,
        null,
        null
      ],
      "/Users/jlin/Desktop/twitter/tweetComposer/spec/features/visitors/sign_up_spec.rb": [
        null,
        null,
        null,
        null,
        1,
        null,
        null,
        null,
        null,
        null,
        1,
        1,
        1,
        1,
        null,
        null,
        null,
        null,
        null,
        null,
        1,
        1,
        1,
        null,
        null,
        null,
        null,
        null,
        null,
        1,
        1,
        1,
        null,
        null,
        null,
        null,
        null,
        null,
        1,
        1,
        1,
        null,
        null,
        null,
        null,
        null,
        null,
        1,
        1,
        1,
        null,
        null,
        null,
        null,
        null,
        null,
        1,
        1,
        1,
        null,
        null,
        null
      ],
      "/Users/jlin/Desktop/twitter/tweetComposer/spec/models/followship_spec.rb": [
        null,
        null,
        null,
        null,
        null,
        null,
        1,
        null,
        1,
        9,
        9,
        9,
        null,
        null,
        3,
        null,
        1,
        1,
        null,
        null,
        1,
        1,
        null,
        null,
        1,
        1,
        null,
        null,
        2,
        null,
        1,
        1,
        null,
        null,
        1,
        1,
        null,
        null,
        2,
        null,
        1,
        1,
        null,
        null,
        1,
        1,
        null,
        null,
        null
      ],
      "/Users/jlin/Desktop/twitter/tweetComposer/app/models/followship.rb": [
        1,
        1,
        1,
        null,
        1,
        1,
        null,
        1,
        null
      ],
      "/Users/jlin/Desktop/twitter/tweetComposer/app/models/post.rb": [
        1,
        1,
        null,
        1,
        1,
        1,
        null,
        1,
        1,
        null,
        1,
        null,
        null,
        null,
        null,
        null,
        null,
        null,
        null
      ],
      "/Users/jlin/Desktop/twitter/tweetComposer/app/controllers/visitors_controller.rb": [
        1,
        null,
        1,
        2,
        null,
        null,
        null
      ],
      "/Users/jlin/Desktop/twitter/tweetComposer/app/controllers/users_controller.rb": [
        1,
        1,
        null,
        1,
        1,
        null,
        null,
        1,
        3,
        3,
        3,
        null,
        null,
        null,
        null,
        null,
        null,
        null,
        1,
        0,
        0,
        0,
        0,
        0,
        null,
        null,
        null,
        null
      ]
    },
    "timestamp": 1443807228
  }
}
